\BOOKMARK [1][-]{section.1}{\376\377\0001\000\040\000G\000r\000o\000u\000p\000\040\000r\000e\000p\000o\000r\000t}{}% 1
\BOOKMARK [2][-]{subsection.1.1}{\376\377\0001\000.\0001\000\040\000P\000r\000o\000b\000l\000e\000m\000\040\000a\000n\000d\000\040\000O\000b\000j\000e\000c\000t\000i\000v\000e}{section.1}% 2
\BOOKMARK [2][-]{subsection.1.2}{\376\377\0001\000.\0002\000\040\000P\000r\000o\000b\000l\000e\000m\000\040\000D\000e\000s\000c\000r\000i\000p\000t\000i\000o\000n}{section.1}% 3
\BOOKMARK [2][-]{subsection.1.3}{\376\377\0001\000.\0003\000\040\000S\000o\000l\000u\000t\000i\000o\000n\000\040\000A\000p\000p\000r\000o\000a\000c\000h}{section.1}% 4
\BOOKMARK [2][-]{subsection.1.4}{\376\377\0001\000.\0004\000\040\000S\000o\000l\000u\000t\000i\000o\000n\000\040\000D\000e\000s\000c\000r\000i\000p\000t\000i\000o\000n\000\040\000a\000n\000d\000\040\000R\000e\000s\000u\000l\000t\000s}{section.1}% 5
\BOOKMARK [2][-]{subsection.1.5}{\376\377\0001\000.\0005\000\040\000D\000i\000s\000c\000u\000s\000s\000i\000o\000n}{section.1}% 6
\BOOKMARK [2][-]{subsection.1.6}{\376\377\0001\000.\0006\000\040\000C\000o\000n\000c\000l\000u\000s\000i\000o\000n}{section.1}% 7
\BOOKMARK [1][-]{section.2}{\376\377\0002\000\040\000I\000n\000d\000i\000v\000i\000d\000u\000a\000l\000\040\000R\000e\000p\000o\000r\000t}{}% 8
\BOOKMARK [2][-]{subsection.2.1}{\376\377\0002\000.\0001\000\040\000P\000r\000o\000b\000l\000e\000m\000\040\000D\000e\000s\000c\000r\000i\000p\000t\000i\000o\000n}{section.2}% 9
\BOOKMARK [2][-]{subsection.2.2}{\376\377\0002\000.\0002\000\040\000S\000o\000l\000u\000t\000i\000o\000n\000\040\000A\000p\000p\000r\000o\000a\000c\000h}{section.2}% 10
\BOOKMARK [2][-]{subsection.2.3}{\376\377\0002\000.\0003\000\040\000S\000o\000l\000u\000t\000i\000o\000n\000\040\000D\000e\000s\000c\000r\000i\000p\000t\000i\000o\000n\000\040\000a\000n\000d\000\040\000R\000e\000s\000u\000l\000t\000s}{section.2}% 11
\BOOKMARK [2][-]{subsection.2.4}{\376\377\0002\000.\0004\000\040\000C\000o\000n\000c\000l\000u\000s\000i\000o\000n}{section.2}% 12
\BOOKMARK [1][-]{appendix.A}{\376\377\000A\000\040\000S\000y\000s\000t\000e\000m\000\040\000O\000v\000e\000r\000v\000i\000e\000w}{}% 13
\BOOKMARK [1][-]{appendix.B}{\376\377\000B\000\040\000F\000a\000c\000t\000o\000r\000y\000\040\000L\000a\000n\000g\000u\000a\000g\000e\000\040\000\050\000.\000f\000l\000\051}{}% 14
\BOOKMARK [2][-]{subsection.B.1}{\376\377\000B\000.\0001\000\040\000M\000e\000t\000a\000m\000o\000d\000e\000l}{appendix.B}% 15
\BOOKMARK [2][-]{subsection.B.2}{\376\377\000B\000.\0002\000\040\000G\000r\000a\000m\000m\000a\000r\000\040\000L\000a\000n\000g\000u\000a\000g\000e}{appendix.B}% 16
\BOOKMARK [2][-]{subsection.B.3}{\376\377\000B\000.\0003\000\040\000E\000x\000a\000m\000p\000l\000e\000\040\000F\000a\000c\000t\000o\000r\000y\000\040\000L\000a\000n\000g\000u\000a\000g\000e\000\040\000p\000r\000o\000g\000r\000a\000m}{appendix.B}% 17
\BOOKMARK [1][-]{appendix.C}{\376\377\000C\000\040\000T\000h\000e\000\040\000O\000r\000c\000h\000e\000s\000t\000r\000a\000t\000o\000r}{}% 18
\BOOKMARK [2][-]{subsection.C.1}{\376\377\000C\000.\0001\000\040\000P\000r\000o\000g\000r\000a\000m\000.\000c\000s}{appendix.C}% 19
\BOOKMARK [2][-]{subsection.C.2}{\376\377\000C\000.\0002\000\040\000D\000o\000c\000k\000e\000r\000f\000i\000l\000e}{appendix.C}% 20
\BOOKMARK [2][-]{subsection.C.3}{\376\377\000C\000.\0003\000\040\000G\000i\000t\000H\000u\000b\000\040\000A\000c\000t\000i\000o\000n}{appendix.C}% 21
\BOOKMARK [1][-]{appendix.D}{\376\377\000D\000\040\000F\000u\000n\000c\000t\000i\000o\000n\000a\000l\000\040\000a\000n\000d\000\040\000n\000o\000n\000-\000f\000u\000n\000c\000t\000i\000o\000n\000a\000l\000\040\000r\000e\000q\000u\000i\000r\000e\000m\000e\000n\000t\000s}{}% 22
\BOOKMARK [2][-]{subsection.D.1}{\376\377\000D\000.\0001\000\040\000F\000u\000n\000c\000t\000i\000o\000n\000a\000l\000\040\000r\000e\000q\000u\000i\000r\000e\000m\000e\000n\000t\000s}{appendix.D}% 23
\BOOKMARK [2][-]{subsection.D.2}{\376\377\000D\000.\0002\000\040\000N\000o\000n\000-\000f\000u\000n\000c\000t\000i\000o\000n\000a\000l\000\040\000r\000e\000q\000u\000i\000r\000e\000m\000e\000n\000t\000s}{appendix.D}% 24
\BOOKMARK [1][-]{appendix.E}{\376\377\000E\000\040\000L\000o\000g\000s\000\040\000G\000r\000a\000p\000h}{}% 25
\BOOKMARK [1][-]{appendix.F}{\376\377\000F\000\040\000T\000r\000u\000s\000t\000w\000o\000r\000t\000h\000y\000\040\000S\000y\000s\000t\000e\000m\000s\000\040\000-\000\040\000C\000o\000u\000r\000s\000e\000\040\000o\000b\000j\000e\000c\000t\000i\000v\000e\000s}{}% 26
\BOOKMARK [2][-]{subsection.F.1}{\376\377\000F\000.\0001\000\040\000L\000e\000a\000r\000n\000i\000n\000g\000\040\000o\000b\000j\000e\000c\000t\000i\000v\000e\000s\000\040\000-\000\040\000K\000n\000o\000w\000l\000e\000d\000g\000e}{appendix.F}% 27
\BOOKMARK [2][-]{subsection.F.2}{\376\377\000F\000.\0002\000\040\000L\000e\000a\000r\000n\000i\000n\000g\000\040\000o\000b\000j\000e\000c\000t\000i\000v\000e\000s\000\040\000-\000\040\000S\000k\000i\000l\000l\000s}{appendix.F}% 28
\BOOKMARK [2][-]{subsection.F.3}{\376\377\000F\000.\0003\000\040\000L\000e\000a\000r\000n\000i\000n\000g\000\040\000o\000b\000j\000e\000c\000t\000i\000v\000e\000s\000\040\000-\000\040\000C\000o\000m\000p\000e\000t\000e\000n\000c\000e\000s}{appendix.F}% 29
\BOOKMARK [1][-]{appendix.G}{\376\377\000G\000\040\000T\000e\000m\000p\000l\000a\000t\000e\000s}{}% 30
\BOOKMARK [2][-]{subsection.G.1}{\376\377\000G\000.\0001\000\040\000T\000h\000e\000\040\000M\000a\000s\000t\000e\000r\000\040\000C\000o\000n\000t\000r\000o\000l\000l\000e\000r\000\040\000t\000e\000m\000p\000l\000a\000t\000e}{appendix.G}% 31
\BOOKMARK [2][-]{subsection.G.2}{\376\377\000G\000.\0002\000\040\000T\000h\000e\000\040\000D\000i\000s\000k\000\040\000t\000e\000m\000p\000l\000a\000t\000e}{appendix.G}% 32
\BOOKMARK [2][-]{subsection.G.3}{\376\377\000G\000.\0003\000\040\000T\000h\000e\000\040\000D\000i\000s\000k\000\040\000S\000l\000o\000t\000\040\000t\000e\000m\000p\000l\000a\000t\000e}{appendix.G}% 33
\BOOKMARK [2][-]{subsection.G.4}{\376\377\000G\000.\0004\000\040\000T\000h\000e\000\040\000G\000e\000t\000\040\000E\000m\000p\000t\000y\000\040\000S\000l\000o\000t\000\040\000t\000e\000m\000p\000l\000a\000t\000e}{appendix.G}% 34
\BOOKMARK [2][-]{subsection.G.5}{\376\377\000G\000.\0005\000\040\000T\000h\000e\000\040\000G\000e\000t\000\040\000C\000o\000m\000p\000l\000e\000t\000e\000\040\000S\000l\000o\000t\000\040\000t\000e\000m\000p\000l\000a\000t\000e}{appendix.G}% 35
\BOOKMARK [2][-]{subsection.G.6}{\376\377\000G\000.\0006\000\040\000T\000h\000e\000\040\000D\000i\000s\000k\000\040\000G\000e\000t\000\040\000F\000r\000e\000e\000\040\000S\000l\000o\000t\000\040\000t\000e\000m\000p\000l\000a\000t\000e}{appendix.G}% 36
\BOOKMARK [2][-]{subsection.G.7}{\376\377\000G\000.\0007\000\040\000T\000h\000e\000\040\000G\000e\000t\000\040\000I\000n\000\040\000P\000r\000o\000g\000r\000e\000s\000s\000\040\000S\000l\000o\000t\000\040\000t\000e\000m\000p\000l\000a\000t\000e}{appendix.G}% 37
\BOOKMARK [2][-]{subsection.G.8}{\376\377\000G\000.\0008\000\040\000T\000h\000e\000\040\000S\000l\000o\000t\000\040\000V\000a\000r\000i\000a\000b\000l\000e\000\040\000-\000\040\000C\000o\000m\000p\000l\000e\000t\000e\000\040\000t\000e\000m\000p\000l\000a\000t\000e}{appendix.G}% 38
\BOOKMARK [2][-]{subsection.G.9}{\376\377\000G\000.\0009\000\040\000T\000h\000e\000\040\000S\000l\000o\000t\000\040\000V\000a\000r\000i\000a\000b\000l\000e\000\040\000-\000\040\000F\000r\000e\000e\000\040\000t\000e\000m\000p\000l\000a\000t\000e}{appendix.G}% 39
\BOOKMARK [2][-]{subsection.G.10}{\376\377\000G\000.\0001\0000\000\040\000T\000h\000e\000\040\000S\000l\000o\000t\000\040\000V\000a\000r\000i\000a\000b\000l\000e\000\040\000-\000\040\000I\000n\000-\000p\000r\000o\000g\000r\000e\000s\000s\000\040\000t\000e\000m\000p\000l\000a\000t\000e}{appendix.G}% 40
\BOOKMARK [2][-]{subsection.G.11}{\376\377\000G\000.\0001\0001\000\040\000T\000h\000e\000\040\000C\000r\000a\000n\000e\000\040\000t\000e\000m\000p\000l\000a\000t\000e}{appendix.G}% 41
\BOOKMARK [2][-]{subsection.G.12}{\376\377\000G\000.\0001\0002\000\040\000T\000h\000e\000\040\000C\000r\000a\000n\000e\000\040\000M\000a\000g\000n\000e\000t\000\040\000t\000e\000m\000p\000l\000a\000t\000e}{appendix.G}% 42
\BOOKMARK [2][-]{subsection.G.13}{\376\377\000G\000.\0001\0003\000\040\000T\000h\000e\000\040\000C\000a\000m\000e\000r\000a\000\040\000t\000e\000m\000p\000l\000a\000t\000e}{appendix.G}% 43
\BOOKMARK [2][-]{subsection.G.14}{\376\377\000G\000.\0001\0004\000\040\000T\000h\000e\000\040\000E\000m\000e\000r\000g\000e\000n\000c\000y\000\040\000B\000u\000t\000t\000o\000n\000\040\000t\000e\000m\000p\000l\000a\000t\000e}{appendix.G}% 44
